<?xml version="1.0" encoding="UTF-8"?>
<!-- Generated by org.testng.reporters.JUnitReportReporter -->
<testsuite hostname="DESKTOP-OJK1NBL" failures="0" tests="2" name="AutomateLeafGround.LeafGround" time="3.499" errors="0" timestamp="2021-08-20T18:48:21 IST" skipped="0">
  <testcase classname="AutomateLeafGround.LeafGround" name="editbutton" time="1.959"/>
  <system-out/>
  <testcase classname="AutomateLeafGround.LeafGround" name="button" time="1.540"/>
  <system-out/>
</testsuite> <!-- AutomateLeafGround.LeafGround -->
